[debug] [2018-10-12T09:24:12.284Z] ----------------------------------------------------------------------
[debug] [2018-10-12T09:24:12.286Z] Command:       /usr/bin/node /usr/bin/firebase serve --only hosting
[debug] [2018-10-12T09:24:12.286Z] CLI Version:   5.0.1
[debug] [2018-10-12T09:24:12.286Z] Platform:      linux
[debug] [2018-10-12T09:24:12.286Z] Node Version:  v8.12.0
[debug] [2018-10-12T09:24:12.286Z] Time:          Fri Oct 12 2018 09:24:12 GMT+0000 (UTC)
[debug] [2018-10-12T09:24:12.286Z] ----------------------------------------------------------------------
[debug] 
[debug] [2018-10-12T09:24:12.294Z] > command requires scopes: ["email","openid","https://www.googleapis.com/auth/cloudplatformprojects.readonly","https://www.googleapis.com/auth/firebase","https://www.googleapis.com/auth/cloud-platform"]
[debug] [2018-10-12T09:24:12.295Z] > authorizing via signed-in user
[debug] [2018-10-12T09:24:12.295Z] [iam] checking project apps-script-community-archive for permissions ["firebase.projects.get"]
[debug] [2018-10-12T09:24:12.297Z] >>> HTTP REQUEST POST https://cloudresourcemanager.googleapis.com/v1/projects/apps-script-community-archive:testIamPermissions  

[debug] [2018-10-12T09:24:13.191Z] <<< HTTP RESPONSE 200
[debug] [2018-10-12T09:24:13.195Z] >>> HTTP REQUEST GET https://cloudresourcemanager.googleapis.com/v1/projects/apps-script-community-archive  
 
[debug] [2018-10-12T09:24:14.023Z] <<< HTTP RESPONSE 200
[info] 
[info] === Serving from '/home/romainvialard/WebstormProjects/community-migrator/Web app/web-start'...
[info] 
[debug] [2018-10-12T09:24:14.030Z] >>> HTTP REQUEST GET https://mobilesdk-pa.googleapis.com/v1/projects/509854567540/clients/_:getWebAppConfig  
 
[debug] [2018-10-12T09:24:14.632Z] <<< HTTP RESPONSE 200
[info] i  hosting: Serving hosting files from: ./
[info] ✔  hosting: Local server: http://localhost:5000
[debug] [2018-10-12T09:44:07.535Z] ----------------------------------------------------------------------
[debug] [2018-10-12T09:44:07.537Z] Command:       /usr/bin/node /usr/bin/firebase serve --only hosting
[debug] [2018-10-12T09:44:07.537Z] CLI Version:   5.0.1
[debug] [2018-10-12T09:44:07.537Z] Platform:      linux
[debug] [2018-10-12T09:44:07.537Z] Node Version:  v8.12.0
[debug] [2018-10-12T09:44:07.538Z] Time:          Fri Oct 12 2018 09:44:07 GMT+0000 (UTC)
[debug] [2018-10-12T09:44:07.538Z] ----------------------------------------------------------------------
[debug] 
[debug] [2018-10-12T09:44:07.547Z] > command requires scopes: ["email","openid","https://www.googleapis.com/auth/cloudplatformprojects.readonly","https://www.googleapis.com/auth/firebase","https://www.googleapis.com/auth/cloud-platform"]
[debug] [2018-10-12T09:44:07.547Z] > authorizing via signed-in user
[debug] [2018-10-12T09:44:07.547Z] [iam] checking project apps-script-community-archive for permissions ["firebase.projects.get"]
[debug] [2018-10-12T09:44:07.549Z] >>> HTTP REQUEST POST https://cloudresourcemanager.googleapis.com/v1/projects/apps-script-community-archive:testIamPermissions  

[debug] [2018-10-12T09:44:13.467Z] <<< HTTP RESPONSE 200
[debug] [2018-10-12T09:44:13.470Z] >>> HTTP REQUEST GET https://cloudresourcemanager.googleapis.com/v1/projects/apps-script-community-archive  
 
[debug] [2018-10-12T09:44:14.250Z] <<< HTTP RESPONSE 200
[info] 
[info] === Serving from '/home/romainvialard/WebstormProjects/community-migrator/Web app/web-start'...
[info] 
[debug] [2018-10-12T09:44:14.258Z] >>> HTTP REQUEST GET https://mobilesdk-pa.googleapis.com/v1/projects/509854567540/clients/_:getWebAppConfig  
 
[debug] [2018-10-12T09:44:14.784Z] <<< HTTP RESPONSE 200
[info] i  hosting: Serving hosting files from: ./
[info] ✔  hosting: Local server: http://localhost:5000
[debug] [2018-10-12T10:07:08.178Z] ----------------------------------------------------------------------
[debug] [2018-10-12T10:07:08.180Z] Command:       /usr/bin/node /usr/bin/firebase serve --only hosting
[debug] [2018-10-12T10:07:08.180Z] CLI Version:   5.0.1
[debug] [2018-10-12T10:07:08.181Z] Platform:      linux
[debug] [2018-10-12T10:07:08.181Z] Node Version:  v8.12.0
[debug] [2018-10-12T10:07:08.181Z] Time:          Fri Oct 12 2018 10:07:08 GMT+0000 (UTC)
[debug] [2018-10-12T10:07:08.181Z] ----------------------------------------------------------------------
[debug] 
[debug] [2018-10-12T10:07:08.191Z] > command requires scopes: ["email","openid","https://www.googleapis.com/auth/cloudplatformprojects.readonly","https://www.googleapis.com/auth/firebase","https://www.googleapis.com/auth/cloud-platform"]
[debug] [2018-10-12T10:07:08.191Z] > authorizing via signed-in user
[debug] [2018-10-12T10:07:08.191Z] [iam] checking project apps-script-community-archive for permissions ["firebase.projects.get"]
[debug] [2018-10-12T10:07:08.193Z] >>> HTTP REQUEST POST https://cloudresourcemanager.googleapis.com/v1/projects/apps-script-community-archive:testIamPermissions  

[debug] [2018-10-12T10:07:09.249Z] <<< HTTP RESPONSE 200
[debug] [2018-10-12T10:07:09.253Z] >>> HTTP REQUEST GET https://cloudresourcemanager.googleapis.com/v1/projects/apps-script-community-archive  
 
[debug] [2018-10-12T10:07:10.201Z] <<< HTTP RESPONSE 200
[info] 
[info] === Serving from '/home/romainvialard/WebstormProjects/community-migrator/Web app/web-start'...
[info] 
[debug] [2018-10-12T10:07:10.211Z] >>> HTTP REQUEST GET https://mobilesdk-pa.googleapis.com/v1/projects/509854567540/clients/_:getWebAppConfig  
 
[debug] [2018-10-12T10:07:10.813Z] <<< HTTP RESPONSE 200
[info] i  hosting: Serving hosting files from: ./
[info] ✔  hosting: Local server: http://localhost:5000
[debug] [2018-10-15T15:46:28.147Z] ----------------------------------------------------------------------
[debug] [2018-10-15T15:46:28.152Z] Command:       /usr/bin/node /usr/bin/firebase serve --only hosting
[debug] [2018-10-15T15:46:28.152Z] CLI Version:   5.0.1
[debug] [2018-10-15T15:46:28.152Z] Platform:      linux
[debug] [2018-10-15T15:46:28.152Z] Node Version:  v8.12.0
[debug] [2018-10-15T15:46:28.152Z] Time:          Mon Oct 15 2018 15:46:28 GMT+0000 (UTC)
[debug] [2018-10-15T15:46:28.152Z] ----------------------------------------------------------------------
[debug] 
[debug] [2018-10-15T15:46:28.176Z] > command requires scopes: ["email","openid","https://www.googleapis.com/auth/cloudplatformprojects.readonly","https://www.googleapis.com/auth/firebase","https://www.googleapis.com/auth/cloud-platform"]
[debug] [2018-10-15T15:46:28.176Z] > authorizing via signed-in user
[debug] [2018-10-15T15:46:28.177Z] [iam] checking project apps-script-community-archive for permissions ["firebase.projects.get"]
[debug] [2018-10-15T15:46:28.179Z] > refreshing access token with scopes: ["email","https://www.googleapis.com/auth/cloud-platform","https://www.googleapis.com/auth/cloudplatformprojects.readonly","https://www.googleapis.com/auth/firebase","openid"]
[debug] [2018-10-15T15:46:28.180Z] >>> HTTP REQUEST POST https://www.googleapis.com/oauth2/v3/token  
 <request body omitted>
[debug] [2018-10-15T15:46:28.567Z] <<< HTTP RESPONSE 200
[debug] [2018-10-15T15:46:28.587Z] >>> HTTP REQUEST POST https://cloudresourcemanager.googleapis.com/v1/projects/apps-script-community-archive:testIamPermissions  

[debug] [2018-10-15T15:46:29.583Z] <<< HTTP RESPONSE 200
[debug] [2018-10-15T15:46:29.585Z] >>> HTTP REQUEST GET https://cloudresourcemanager.googleapis.com/v1/projects/apps-script-community-archive  
 
[debug] [2018-10-15T15:46:30.517Z] <<< HTTP RESPONSE 200
[info] 
[info] === Serving from '/home/romainvialard/WebstormProjects/community-migrator/Web App'...
[info] 
[debug] [2018-10-15T15:46:30.521Z] >>> HTTP REQUEST GET https://mobilesdk-pa.googleapis.com/v1/projects/509854567540/clients/_:getWebAppConfig  
 
[debug] [2018-10-15T15:46:31.120Z] <<< HTTP RESPONSE 200
[info] i  hosting: Serving hosting files from: ./
[info] ✔  hosting: Local server: http://localhost:5000
[debug] [2018-10-16T20:11:09.079Z] ----------------------------------------------------------------------
[debug] [2018-10-16T20:11:09.082Z] Command:       /usr/bin/node /usr/bin/firebase serve --only hosting
[debug] [2018-10-16T20:11:09.082Z] CLI Version:   5.0.1
[debug] [2018-10-16T20:11:09.082Z] Platform:      linux
[debug] [2018-10-16T20:11:09.083Z] Node Version:  v8.12.0
[debug] [2018-10-16T20:11:09.083Z] Time:          Tue Oct 16 2018 20:11:09 GMT+0000 (UTC)
[debug] [2018-10-16T20:11:09.083Z] ----------------------------------------------------------------------
[debug] 
[debug] [2018-10-16T20:11:09.101Z] > command requires scopes: ["email","openid","https://www.googleapis.com/auth/cloudplatformprojects.readonly","https://www.googleapis.com/auth/firebase","https://www.googleapis.com/auth/cloud-platform"]
[debug] [2018-10-16T20:11:09.102Z] > authorizing via signed-in user
[debug] [2018-10-16T20:11:09.102Z] [iam] checking project apps-script-community-archive for permissions ["firebase.projects.get"]
[debug] [2018-10-16T20:11:09.104Z] > refreshing access token with scopes: ["email","https://www.googleapis.com/auth/cloud-platform","https://www.googleapis.com/auth/cloudplatformprojects.readonly","https://www.googleapis.com/auth/firebase","openid"]
[debug] [2018-10-16T20:11:09.105Z] >>> HTTP REQUEST POST https://www.googleapis.com/oauth2/v3/token  
 <request body omitted>
[debug] [2018-10-16T20:11:09.357Z] <<< HTTP RESPONSE 200
[debug] [2018-10-16T20:11:09.378Z] >>> HTTP REQUEST POST https://cloudresourcemanager.googleapis.com/v1/projects/apps-script-community-archive:testIamPermissions  

[debug] [2018-10-16T20:11:10.510Z] <<< HTTP RESPONSE 200
[debug] [2018-10-16T20:11:10.511Z] >>> HTTP REQUEST GET https://cloudresourcemanager.googleapis.com/v1/projects/apps-script-community-archive  
 
[debug] [2018-10-16T20:11:11.334Z] <<< HTTP RESPONSE 200
[info] 
[info] === Serving from '/home/romainvialard/WebstormProjects/community-migrator/Web App'...
[info] 
[debug] [2018-10-16T20:11:11.337Z] >>> HTTP REQUEST GET https://mobilesdk-pa.googleapis.com/v1/projects/509854567540/clients/_:getWebAppConfig  
 
[debug] [2018-10-16T20:11:11.995Z] <<< HTTP RESPONSE 200
[info] i  hosting: Serving hosting files from: ./
[info] ✔  hosting: Local server: http://localhost:5000
[debug] [2018-10-17T12:31:28.025Z] ----------------------------------------------------------------------
[debug] [2018-10-17T12:31:28.028Z] Command:       /usr/bin/node /usr/bin/firebase serve --only hosting
[debug] [2018-10-17T12:31:28.029Z] CLI Version:   5.0.1
[debug] [2018-10-17T12:31:28.029Z] Platform:      linux
[debug] [2018-10-17T12:31:28.029Z] Node Version:  v8.12.0
[debug] [2018-10-17T12:31:28.029Z] Time:          Wed Oct 17 2018 12:31:28 GMT+0000 (UTC)
[debug] [2018-10-17T12:31:28.029Z] ----------------------------------------------------------------------
[debug] 
[debug] [2018-10-17T12:31:28.042Z] > command requires scopes: ["email","openid","https://www.googleapis.com/auth/cloudplatformprojects.readonly","https://www.googleapis.com/auth/firebase","https://www.googleapis.com/auth/cloud-platform"]
[debug] [2018-10-17T12:31:28.042Z] > authorizing via signed-in user
[debug] [2018-10-17T12:31:28.042Z] [iam] checking project apps-script-community-archive for permissions ["firebase.projects.get"]
[debug] [2018-10-17T12:31:28.045Z] > refreshing access token with scopes: ["email","https://www.googleapis.com/auth/cloud-platform","https://www.googleapis.com/auth/cloudplatformprojects.readonly","https://www.googleapis.com/auth/firebase","openid"]
[debug] [2018-10-17T12:31:28.045Z] >>> HTTP REQUEST POST https://www.googleapis.com/oauth2/v3/token  
 <request body omitted>
[debug] [2018-10-17T12:31:28.397Z] <<< HTTP RESPONSE 200
[debug] [2018-10-17T12:31:28.418Z] >>> HTTP REQUEST POST https://cloudresourcemanager.googleapis.com/v1/projects/apps-script-community-archive:testIamPermissions  

[debug] [2018-10-17T12:31:29.484Z] <<< HTTP RESPONSE 200
[debug] [2018-10-17T12:31:29.489Z] >>> HTTP REQUEST GET https://cloudresourcemanager.googleapis.com/v1/projects/apps-script-community-archive  
 
[debug] [2018-10-17T12:31:30.288Z] <<< HTTP RESPONSE 200
[info] 
[info] === Serving from '/home/romainvialard/WebstormProjects/community-migrator/Web App'...
[info] 
[debug] [2018-10-17T12:31:30.297Z] >>> HTTP REQUEST GET https://mobilesdk-pa.googleapis.com/v1/projects/509854567540/clients/_:getWebAppConfig  
 
[debug] [2018-10-17T12:31:30.902Z] <<< HTTP RESPONSE 200
[info] i  hosting: Serving hosting files from: ./
[info] ✔  hosting: Local server: http://localhost:5000
